The system is: Linux - 4.13.12-1-ARCH - x86_64
Compiling the C compiler identification source file "CMakeCCompilerId.c" succeeded.
Compiler: /usr/bin/cc 
Build flags: 
Id flags:  

The output was:
0


Compilation of the C compiler identification source "CMakeCCompilerId.c" produced "a.out"

The C compiler identification is GNU, found in "/home/cronos/.emacs.d/elpa/rtags-20171027.1028/rtags-2.15/CMakeFiles/3.10.0/CompilerIdC/a.out"

Compiling the CXX compiler identification source file "CMakeCXXCompilerId.cpp" succeeded.
Compiler: /usr/bin/c++ 
Build flags: 
Id flags:  

The output was:
0


Compilation of the CXX compiler identification source "CMakeCXXCompilerId.cpp" produced "a.out"

The CXX compiler identification is GNU, found in "/home/cronos/.emacs.d/elpa/rtags-20171027.1028/rtags-2.15/CMakeFiles/3.10.0/CompilerIdCXX/a.out"

Determining if the C compiler works passed with the following output:
Change Dir: /home/cronos/.emacs.d/elpa/rtags-20171027.1028/rtags-2.15/CMakeFiles/CMakeTmp

Run Build Command:"/usr/bin/make" "cmTC_14e6a/fast"
/usr/bin/make -f CMakeFiles/cmTC_14e6a.dir/build.make CMakeFiles/cmTC_14e6a.dir/build
make[1]: Entering directory '/home/cronos/.emacs.d/elpa/rtags-20171027.1028/rtags-2.15/CMakeFiles/CMakeTmp'
Building C object CMakeFiles/cmTC_14e6a.dir/testCCompiler.c.o
/usr/bin/cc    -o CMakeFiles/cmTC_14e6a.dir/testCCompiler.c.o   -c /home/cronos/.emacs.d/elpa/rtags-20171027.1028/rtags-2.15/CMakeFiles/CMakeTmp/testCCompiler.c
Linking C executable cmTC_14e6a
/usr/bin/cmake -E cmake_link_script CMakeFiles/cmTC_14e6a.dir/link.txt --verbose=1
/usr/bin/cc      -rdynamic CMakeFiles/cmTC_14e6a.dir/testCCompiler.c.o  -o cmTC_14e6a 
make[1]: Leaving directory '/home/cronos/.emacs.d/elpa/rtags-20171027.1028/rtags-2.15/CMakeFiles/CMakeTmp'


Detecting C compiler ABI info compiled with the following output:
Change Dir: /home/cronos/.emacs.d/elpa/rtags-20171027.1028/rtags-2.15/CMakeFiles/CMakeTmp

Run Build Command:"/usr/bin/make" "cmTC_d0432/fast"
/usr/bin/make -f CMakeFiles/cmTC_d0432.dir/build.make CMakeFiles/cmTC_d0432.dir/build
make[1]: Entering directory '/home/cronos/.emacs.d/elpa/rtags-20171027.1028/rtags-2.15/CMakeFiles/CMakeTmp'
Building C object CMakeFiles/cmTC_d0432.dir/CMakeCCompilerABI.c.o
/usr/bin/cc    -o CMakeFiles/cmTC_d0432.dir/CMakeCCompilerABI.c.o   -c /usr/share/cmake-3.10/Modules/CMakeCCompilerABI.c
Linking C executable cmTC_d0432
/usr/bin/cmake -E cmake_link_script CMakeFiles/cmTC_d0432.dir/link.txt --verbose=1
/usr/bin/cc     -v -rdynamic CMakeFiles/cmTC_d0432.dir/CMakeCCompilerABI.c.o  -o cmTC_d0432 
Using built-in specs.
COLLECT_GCC=/usr/bin/cc
COLLECT_LTO_WRAPPER=/usr/lib/gcc/x86_64-pc-linux-gnu/7.2.0/lto-wrapper
Target: x86_64-pc-linux-gnu
Configured with: /build/gcc/src/gcc/configure --prefix=/usr --libdir=/usr/lib --libexecdir=/usr/lib --mandir=/usr/share/man --infodir=/usr/share/info --with-bugurl=https://bugs.archlinux.org/ --enable-languages=c,c++,ada,fortran,go,lto,objc,obj-c++ --enable-shared --enable-threads=posix --enable-libmpx --with-system-zlib --with-isl --enable-__cxa_atexit --disable-libunwind-exceptions --enable-clocale=gnu --disable-libstdcxx-pch --disable-libssp --enable-gnu-unique-object --enable-linker-build-id --enable-lto --enable-plugin --enable-install-libiberty --with-linker-hash-style=gnu --enable-gnu-indirect-function --disable-multilib --disable-werror --enable-checking=release --enable-default-pie --enable-default-ssp
Thread model: posix
gcc version 7.2.0 (GCC) 
COMPILER_PATH=/usr/lib/gcc/x86_64-pc-linux-gnu/7.2.0/:/usr/lib/gcc/x86_64-pc-linux-gnu/7.2.0/:/usr/lib/gcc/x86_64-pc-linux-gnu/:/usr/lib/gcc/x86_64-pc-linux-gnu/7.2.0/:/usr/lib/gcc/x86_64-pc-linux-gnu/
LIBRARY_PATH=/usr/lib/gcc/x86_64-pc-linux-gnu/7.2.0/:/usr/lib/gcc/x86_64-pc-linux-gnu/7.2.0/../../../../lib/:/lib/../lib/:/usr/lib/../lib/:/usr/lib/gcc/x86_64-pc-linux-gnu/7.2.0/../../../:/lib/:/usr/lib/
COLLECT_GCC_OPTIONS='-v' '-rdynamic' '-o' 'cmTC_d0432' '-mtune=generic' '-march=x86-64'
 /usr/lib/gcc/x86_64-pc-linux-gnu/7.2.0/collect2 -plugin /usr/lib/gcc/x86_64-pc-linux-gnu/7.2.0/liblto_plugin.so -plugin-opt=/usr/lib/gcc/x86_64-pc-linux-gnu/7.2.0/lto-wrapper -plugin-opt=-fresolution=/tmp/ccRqCon1.res -plugin-opt=-pass-through=-lgcc -plugin-opt=-pass-through=-lgcc_s -plugin-opt=-pass-through=-lc -plugin-opt=-pass-through=-lgcc -plugin-opt=-pass-through=-lgcc_s --build-id --eh-frame-hdr --hash-style=gnu -m elf_x86_64 -export-dynamic -dynamic-linker /lib64/ld-linux-x86-64.so.2 -pie -o cmTC_d0432 /usr/lib/gcc/x86_64-pc-linux-gnu/7.2.0/../../../../lib/Scrt1.o /usr/lib/gcc/x86_64-pc-linux-gnu/7.2.0/../../../../lib/crti.o /usr/lib/gcc/x86_64-pc-linux-gnu/7.2.0/crtbeginS.o -L/usr/lib/gcc/x86_64-pc-linux-gnu/7.2.0 -L/usr/lib/gcc/x86_64-pc-linux-gnu/7.2.0/../../../../lib -L/lib/../lib -L/usr/lib/../lib -L/usr/lib/gcc/x86_64-pc-linux-gnu/7.2.0/../../.. CMakeFiles/cmTC_d0432.dir/CMakeCCompilerABI.c.o -lgcc --as-needed -lgcc_s --no-as-needed -lc -lgcc --as-needed -lgcc_s --no-as-needed /usr/lib/gcc/x86_64-pc-linux-gnu/7.2.0/crtendS.o /usr/lib/gcc/x86_64-pc-linux-gnu/7.2.0/../../../../lib/crtn.o
COLLECT_GCC_OPTIONS='-v' '-rdynamic' '-o' 'cmTC_d0432' '-mtune=generic' '-march=x86-64'
make[1]: Leaving directory '/home/cronos/.emacs.d/elpa/rtags-20171027.1028/rtags-2.15/CMakeFiles/CMakeTmp'


Parsed C implicit link information from above output:
  link line regex: [^( *|.*[/\])(ld|CMAKE_LINK_STARTFILE-NOTFOUND|([^/\]+-)?ld|collect2)[^/\]*( |$)]
  ignore line: [Change Dir: /home/cronos/.emacs.d/elpa/rtags-20171027.1028/rtags-2.15/CMakeFiles/CMakeTmp]
  ignore line: []
  ignore line: [Run Build Command:"/usr/bin/make" "cmTC_d0432/fast"]
  ignore line: [/usr/bin/make -f CMakeFiles/cmTC_d0432.dir/build.make CMakeFiles/cmTC_d0432.dir/build]
  ignore line: [make[1]: Entering directory '/home/cronos/.emacs.d/elpa/rtags-20171027.1028/rtags-2.15/CMakeFiles/CMakeTmp']
  ignore line: [Building C object CMakeFiles/cmTC_d0432.dir/CMakeCCompilerABI.c.o]
  ignore line: [/usr/bin/cc    -o CMakeFiles/cmTC_d0432.dir/CMakeCCompilerABI.c.o   -c /usr/share/cmake-3.10/Modules/CMakeCCompilerABI.c]
  ignore line: [Linking C executable cmTC_d0432]
  ignore line: [/usr/bin/cmake -E cmake_link_script CMakeFiles/cmTC_d0432.dir/link.txt --verbose=1]
  ignore line: [/usr/bin/cc     -v -rdynamic CMakeFiles/cmTC_d0432.dir/CMakeCCompilerABI.c.o  -o cmTC_d0432 ]
  ignore line: [Using built-in specs.]
  ignore line: [COLLECT_GCC=/usr/bin/cc]
  ignore line: [COLLECT_LTO_WRAPPER=/usr/lib/gcc/x86_64-pc-linux-gnu/7.2.0/lto-wrapper]
  ignore line: [Target: x86_64-pc-linux-gnu]
  ignore line: [Configured with: /build/gcc/src/gcc/configure --prefix=/usr --libdir=/usr/lib --libexecdir=/usr/lib --mandir=/usr/share/man --infodir=/usr/share/info --with-bugurl=https://bugs.archlinux.org/ --enable-languages=c,c++,ada,fortran,go,lto,objc,obj-c++ --enable-shared --enable-threads=posix --enable-libmpx --with-system-zlib --with-isl --enable-__cxa_atexit --disable-libunwind-exceptions --enable-clocale=gnu --disable-libstdcxx-pch --disable-libssp --enable-gnu-unique-object --enable-linker-build-id --enable-lto --enable-plugin --enable-install-libiberty --with-linker-hash-style=gnu --enable-gnu-indirect-function --disable-multilib --disable-werror --enable-checking=release --enable-default-pie --enable-default-ssp]
  ignore line: [Thread model: posix]
  ignore line: [gcc version 7.2.0 (GCC) ]
  ignore line: [COMPILER_PATH=/usr/lib/gcc/x86_64-pc-linux-gnu/7.2.0/:/usr/lib/gcc/x86_64-pc-linux-gnu/7.2.0/:/usr/lib/gcc/x86_64-pc-linux-gnu/:/usr/lib/gcc/x86_64-pc-linux-gnu/7.2.0/:/usr/lib/gcc/x86_64-pc-linux-gnu/]
  ignore line: [LIBRARY_PATH=/usr/lib/gcc/x86_64-pc-linux-gnu/7.2.0/:/usr/lib/gcc/x86_64-pc-linux-gnu/7.2.0/../../../../lib/:/lib/../lib/:/usr/lib/../lib/:/usr/lib/gcc/x86_64-pc-linux-gnu/7.2.0/../../../:/lib/:/usr/lib/]
  ignore line: [COLLECT_GCC_OPTIONS='-v' '-rdynamic' '-o' 'cmTC_d0432' '-mtune=generic' '-march=x86-64']
  link line: [ /usr/lib/gcc/x86_64-pc-linux-gnu/7.2.0/collect2 -plugin /usr/lib/gcc/x86_64-pc-linux-gnu/7.2.0/liblto_plugin.so -plugin-opt=/usr/lib/gcc/x86_64-pc-linux-gnu/7.2.0/lto-wrapper -plugin-opt=-fresolution=/tmp/ccRqCon1.res -plugin-opt=-pass-through=-lgcc -plugin-opt=-pass-through=-lgcc_s -plugin-opt=-pass-through=-lc -plugin-opt=-pass-through=-lgcc -plugin-opt=-pass-through=-lgcc_s --build-id --eh-frame-hdr --hash-style=gnu -m elf_x86_64 -export-dynamic -dynamic-linker /lib64/ld-linux-x86-64.so.2 -pie -o cmTC_d0432 /usr/lib/gcc/x86_64-pc-linux-gnu/7.2.0/../../../../lib/Scrt1.o /usr/lib/gcc/x86_64-pc-linux-gnu/7.2.0/../../../../lib/crti.o /usr/lib/gcc/x86_64-pc-linux-gnu/7.2.0/crtbeginS.o -L/usr/lib/gcc/x86_64-pc-linux-gnu/7.2.0 -L/usr/lib/gcc/x86_64-pc-linux-gnu/7.2.0/../../../../lib -L/lib/../lib -L/usr/lib/../lib -L/usr/lib/gcc/x86_64-pc-linux-gnu/7.2.0/../../.. CMakeFiles/cmTC_d0432.dir/CMakeCCompilerABI.c.o -lgcc --as-needed -lgcc_s --no-as-needed -lc -lgcc --as-needed -lgcc_s --no-as-needed /usr/lib/gcc/x86_64-pc-linux-gnu/7.2.0/crtendS.o /usr/lib/gcc/x86_64-pc-linux-gnu/7.2.0/../../../../lib/crtn.o]
    arg [/usr/lib/gcc/x86_64-pc-linux-gnu/7.2.0/collect2] ==> ignore
    arg [-plugin] ==> ignore
    arg [/usr/lib/gcc/x86_64-pc-linux-gnu/7.2.0/liblto_plugin.so] ==> ignore
    arg [-plugin-opt=/usr/lib/gcc/x86_64-pc-linux-gnu/7.2.0/lto-wrapper] ==> ignore
    arg [-plugin-opt=-fresolution=/tmp/ccRqCon1.res] ==> ignore
    arg [-plugin-opt=-pass-through=-lgcc] ==> ignore
    arg [-plugin-opt=-pass-through=-lgcc_s] ==> ignore
    arg [-plugin-opt=-pass-through=-lc] ==> ignore
    arg [-plugin-opt=-pass-through=-lgcc] ==> ignore
    arg [-plugin-opt=-pass-through=-lgcc_s] ==> ignore
    arg [--build-id] ==> ignore
    arg [--eh-frame-hdr] ==> ignore
    arg [--hash-style=gnu] ==> ignore
    arg [-m] ==> ignore
    arg [elf_x86_64] ==> ignore
    arg [-export-dynamic] ==> ignore
    arg [-dynamic-linker] ==> ignore
    arg [/lib64/ld-linux-x86-64.so.2] ==> ignore
    arg [-pie] ==> ignore
    arg [-o] ==> ignore
    arg [cmTC_d0432] ==> ignore
    arg [/usr/lib/gcc/x86_64-pc-linux-gnu/7.2.0/../../../../lib/Scrt1.o] ==> ignore
    arg [/usr/lib/gcc/x86_64-pc-linux-gnu/7.2.0/../../../../lib/crti.o] ==> ignore
    arg [/usr/lib/gcc/x86_64-pc-linux-gnu/7.2.0/crtbeginS.o] ==> ignore
    arg [-L/usr/lib/gcc/x86_64-pc-linux-gnu/7.2.0] ==> dir [/usr/lib/gcc/x86_64-pc-linux-gnu/7.2.0]
    arg [-L/usr/lib/gcc/x86_64-pc-linux-gnu/7.2.0/../../../../lib] ==> dir [/usr/lib/gcc/x86_64-pc-linux-gnu/7.2.0/../../../../lib]
    arg [-L/lib/../lib] ==> dir [/lib/../lib]
    arg [-L/usr/lib/../lib] ==> dir [/usr/lib/../lib]
    arg [-L/usr/lib/gcc/x86_64-pc-linux-gnu/7.2.0/../../..] ==> dir [/usr/lib/gcc/x86_64-pc-linux-gnu/7.2.0/../../..]
    arg [CMakeFiles/cmTC_d0432.dir/CMakeCCompilerABI.c.o] ==> ignore
    arg [-lgcc] ==> lib [gcc]
    arg [--as-needed] ==> ignore
    arg [-lgcc_s] ==> lib [gcc_s]
    arg [--no-as-needed] ==> ignore
    arg [-lc] ==> lib [c]
    arg [-lgcc] ==> lib [gcc]
    arg [--as-needed] ==> ignore
    arg [-lgcc_s] ==> lib [gcc_s]
    arg [--no-as-needed] ==> ignore
    arg [/usr/lib/gcc/x86_64-pc-linux-gnu/7.2.0/crtendS.o] ==> ignore
    arg [/usr/lib/gcc/x86_64-pc-linux-gnu/7.2.0/../../../../lib/crtn.o] ==> ignore
  collapse library dir [/usr/lib/gcc/x86_64-pc-linux-gnu/7.2.0] ==> [/usr/lib/gcc/x86_64-pc-linux-gnu/7.2.0]
  collapse library dir [/usr/lib/gcc/x86_64-pc-linux-gnu/7.2.0/../../../../lib] ==> [/usr/lib]
  collapse library dir [/lib/../lib] ==> [/lib]
  collapse library dir [/usr/lib/../lib] ==> [/usr/lib]
  collapse library dir [/usr/lib/gcc/x86_64-pc-linux-gnu/7.2.0/../../..] ==> [/usr/lib]
  implicit libs: [gcc;gcc_s;c;gcc;gcc_s]
  implicit dirs: [/usr/lib/gcc/x86_64-pc-linux-gnu/7.2.0;/usr/lib;/lib]
  implicit fwks: []




Detecting C [-std=c11] compiler features compiled with the following output:
Change Dir: /home/cronos/.emacs.d/elpa/rtags-20171027.1028/rtags-2.15/CMakeFiles/CMakeTmp

Run Build Command:"/usr/bin/make" "cmTC_a4491/fast"
/usr/bin/make -f CMakeFiles/cmTC_a4491.dir/build.make CMakeFiles/cmTC_a4491.dir/build
make[1]: Entering directory '/home/cronos/.emacs.d/elpa/rtags-20171027.1028/rtags-2.15/CMakeFiles/CMakeTmp'
Building C object CMakeFiles/cmTC_a4491.dir/feature_tests.c.o
/usr/bin/cc   -std=c11 -o CMakeFiles/cmTC_a4491.dir/feature_tests.c.o   -c /home/cronos/.emacs.d/elpa/rtags-20171027.1028/rtags-2.15/CMakeFiles/feature_tests.c
Linking C executable cmTC_a4491
/usr/bin/cmake -E cmake_link_script CMakeFiles/cmTC_a4491.dir/link.txt --verbose=1
/usr/bin/cc      -rdynamic CMakeFiles/cmTC_a4491.dir/feature_tests.c.o  -o cmTC_a4491 
make[1]: Leaving directory '/home/cronos/.emacs.d/elpa/rtags-20171027.1028/rtags-2.15/CMakeFiles/CMakeTmp'


    Feature record: C_FEATURE:1c_function_prototypes
    Feature record: C_FEATURE:1c_restrict
    Feature record: C_FEATURE:1c_static_assert
    Feature record: C_FEATURE:1c_variadic_macros


Detecting C [-std=c99] compiler features compiled with the following output:
Change Dir: /home/cronos/.emacs.d/elpa/rtags-20171027.1028/rtags-2.15/CMakeFiles/CMakeTmp

Run Build Command:"/usr/bin/make" "cmTC_2541e/fast"
/usr/bin/make -f CMakeFiles/cmTC_2541e.dir/build.make CMakeFiles/cmTC_2541e.dir/build
make[1]: Entering directory '/home/cronos/.emacs.d/elpa/rtags-20171027.1028/rtags-2.15/CMakeFiles/CMakeTmp'
Building C object CMakeFiles/cmTC_2541e.dir/feature_tests.c.o
/usr/bin/cc   -std=c99 -o CMakeFiles/cmTC_2541e.dir/feature_tests.c.o   -c /home/cronos/.emacs.d/elpa/rtags-20171027.1028/rtags-2.15/CMakeFiles/feature_tests.c
Linking C executable cmTC_2541e
/usr/bin/cmake -E cmake_link_script CMakeFiles/cmTC_2541e.dir/link.txt --verbose=1
/usr/bin/cc      -rdynamic CMakeFiles/cmTC_2541e.dir/feature_tests.c.o  -o cmTC_2541e 
make[1]: Leaving directory '/home/cronos/.emacs.d/elpa/rtags-20171027.1028/rtags-2.15/CMakeFiles/CMakeTmp'


    Feature record: C_FEATURE:1c_function_prototypes
    Feature record: C_FEATURE:1c_restrict
    Feature record: C_FEATURE:0c_static_assert
    Feature record: C_FEATURE:1c_variadic_macros


Detecting C [-std=c90] compiler features compiled with the following output:
Change Dir: /home/cronos/.emacs.d/elpa/rtags-20171027.1028/rtags-2.15/CMakeFiles/CMakeTmp

Run Build Command:"/usr/bin/make" "cmTC_98907/fast"
/usr/bin/make -f CMakeFiles/cmTC_98907.dir/build.make CMakeFiles/cmTC_98907.dir/build
make[1]: Entering directory '/home/cronos/.emacs.d/elpa/rtags-20171027.1028/rtags-2.15/CMakeFiles/CMakeTmp'
Building C object CMakeFiles/cmTC_98907.dir/feature_tests.c.o
/usr/bin/cc   -std=c90 -o CMakeFiles/cmTC_98907.dir/feature_tests.c.o   -c /home/cronos/.emacs.d/elpa/rtags-20171027.1028/rtags-2.15/CMakeFiles/feature_tests.c
Linking C executable cmTC_98907
/usr/bin/cmake -E cmake_link_script CMakeFiles/cmTC_98907.dir/link.txt --verbose=1
/usr/bin/cc      -rdynamic CMakeFiles/cmTC_98907.dir/feature_tests.c.o  -o cmTC_98907 
make[1]: Leaving directory '/home/cronos/.emacs.d/elpa/rtags-20171027.1028/rtags-2.15/CMakeFiles/CMakeTmp'


    Feature record: C_FEATURE:1c_function_prototypes
    Feature record: C_FEATURE:0c_restrict
    Feature record: C_FEATURE:0c_static_assert
    Feature record: C_FEATURE:0c_variadic_macros
Determining if the CXX compiler works passed with the following output:
Change Dir: /home/cronos/.emacs.d/elpa/rtags-20171027.1028/rtags-2.15/CMakeFiles/CMakeTmp

Run Build Command:"/usr/bin/make" "cmTC_07779/fast"
/usr/bin/make -f CMakeFiles/cmTC_07779.dir/build.make CMakeFiles/cmTC_07779.dir/build
make[1]: Entering directory '/home/cronos/.emacs.d/elpa/rtags-20171027.1028/rtags-2.15/CMakeFiles/CMakeTmp'
Building CXX object CMakeFiles/cmTC_07779.dir/testCXXCompiler.cxx.o
/usr/bin/c++     -o CMakeFiles/cmTC_07779.dir/testCXXCompiler.cxx.o -c /home/cronos/.emacs.d/elpa/rtags-20171027.1028/rtags-2.15/CMakeFiles/CMakeTmp/testCXXCompiler.cxx
Linking CXX executable cmTC_07779
/usr/bin/cmake -E cmake_link_script CMakeFiles/cmTC_07779.dir/link.txt --verbose=1
/usr/bin/c++       -rdynamic CMakeFiles/cmTC_07779.dir/testCXXCompiler.cxx.o  -o cmTC_07779 
make[1]: Leaving directory '/home/cronos/.emacs.d/elpa/rtags-20171027.1028/rtags-2.15/CMakeFiles/CMakeTmp'


Detecting CXX compiler ABI info compiled with the following output:
Change Dir: /home/cronos/.emacs.d/elpa/rtags-20171027.1028/rtags-2.15/CMakeFiles/CMakeTmp

Run Build Command:"/usr/bin/make" "cmTC_c32c3/fast"
/usr/bin/make -f CMakeFiles/cmTC_c32c3.dir/build.make CMakeFiles/cmTC_c32c3.dir/build
make[1]: Entering directory '/home/cronos/.emacs.d/elpa/rtags-20171027.1028/rtags-2.15/CMakeFiles/CMakeTmp'
Building CXX object CMakeFiles/cmTC_c32c3.dir/CMakeCXXCompilerABI.cpp.o
/usr/bin/c++     -o CMakeFiles/cmTC_c32c3.dir/CMakeCXXCompilerABI.cpp.o -c /usr/share/cmake-3.10/Modules/CMakeCXXCompilerABI.cpp
Linking CXX executable cmTC_c32c3
/usr/bin/cmake -E cmake_link_script CMakeFiles/cmTC_c32c3.dir/link.txt --verbose=1
/usr/bin/c++      -v -rdynamic CMakeFiles/cmTC_c32c3.dir/CMakeCXXCompilerABI.cpp.o  -o cmTC_c32c3 
Using built-in specs.
COLLECT_GCC=/usr/bin/c++
COLLECT_LTO_WRAPPER=/usr/lib/gcc/x86_64-pc-linux-gnu/7.2.0/lto-wrapper
Target: x86_64-pc-linux-gnu
Configured with: /build/gcc/src/gcc/configure --prefix=/usr --libdir=/usr/lib --libexecdir=/usr/lib --mandir=/usr/share/man --infodir=/usr/share/info --with-bugurl=https://bugs.archlinux.org/ --enable-languages=c,c++,ada,fortran,go,lto,objc,obj-c++ --enable-shared --enable-threads=posix --enable-libmpx --with-system-zlib --with-isl --enable-__cxa_atexit --disable-libunwind-exceptions --enable-clocale=gnu --disable-libstdcxx-pch --disable-libssp --enable-gnu-unique-object --enable-linker-build-id --enable-lto --enable-plugin --enable-install-libiberty --with-linker-hash-style=gnu --enable-gnu-indirect-function --disable-multilib --disable-werror --enable-checking=release --enable-default-pie --enable-default-ssp
Thread model: posix
gcc version 7.2.0 (GCC) 
COMPILER_PATH=/usr/lib/gcc/x86_64-pc-linux-gnu/7.2.0/:/usr/lib/gcc/x86_64-pc-linux-gnu/7.2.0/:/usr/lib/gcc/x86_64-pc-linux-gnu/:/usr/lib/gcc/x86_64-pc-linux-gnu/7.2.0/:/usr/lib/gcc/x86_64-pc-linux-gnu/
LIBRARY_PATH=/usr/lib/gcc/x86_64-pc-linux-gnu/7.2.0/:/usr/lib/gcc/x86_64-pc-linux-gnu/7.2.0/../../../../lib/:/lib/../lib/:/usr/lib/../lib/:/usr/lib/gcc/x86_64-pc-linux-gnu/7.2.0/../../../:/lib/:/usr/lib/
COLLECT_GCC_OPTIONS='-v' '-rdynamic' '-o' 'cmTC_c32c3' '-shared-libgcc' '-mtune=generic' '-march=x86-64'
 /usr/lib/gcc/x86_64-pc-linux-gnu/7.2.0/collect2 -plugin /usr/lib/gcc/x86_64-pc-linux-gnu/7.2.0/liblto_plugin.so -plugin-opt=/usr/lib/gcc/x86_64-pc-linux-gnu/7.2.0/lto-wrapper -plugin-opt=-fresolution=/tmp/cc0Dk32o.res -plugin-opt=-pass-through=-lgcc_s -plugin-opt=-pass-through=-lgcc -plugin-opt=-pass-through=-lc -plugin-opt=-pass-through=-lgcc_s -plugin-opt=-pass-through=-lgcc --build-id --eh-frame-hdr --hash-style=gnu -m elf_x86_64 -export-dynamic -dynamic-linker /lib64/ld-linux-x86-64.so.2 -pie -o cmTC_c32c3 /usr/lib/gcc/x86_64-pc-linux-gnu/7.2.0/../../../../lib/Scrt1.o /usr/lib/gcc/x86_64-pc-linux-gnu/7.2.0/../../../../lib/crti.o /usr/lib/gcc/x86_64-pc-linux-gnu/7.2.0/crtbeginS.o -L/usr/lib/gcc/x86_64-pc-linux-gnu/7.2.0 -L/usr/lib/gcc/x86_64-pc-linux-gnu/7.2.0/../../../../lib -L/lib/../lib -L/usr/lib/../lib -L/usr/lib/gcc/x86_64-pc-linux-gnu/7.2.0/../../.. CMakeFiles/cmTC_c32c3.dir/CMakeCXXCompilerABI.cpp.o -lstdc++ -lm -lgcc_s -lgcc -lc -lgcc_s -lgcc /usr/lib/gcc/x86_64-pc-linux-gnu/7.2.0/crtendS.o /usr/lib/gcc/x86_64-pc-linux-gnu/7.2.0/../../../../lib/crtn.o
COLLECT_GCC_OPTIONS='-v' '-rdynamic' '-o' 'cmTC_c32c3' '-shared-libgcc' '-mtune=generic' '-march=x86-64'
make[1]: Leaving directory '/home/cronos/.emacs.d/elpa/rtags-20171027.1028/rtags-2.15/CMakeFiles/CMakeTmp'


Parsed CXX implicit link information from above output:
  link line regex: [^( *|.*[/\])(ld|CMAKE_LINK_STARTFILE-NOTFOUND|([^/\]+-)?ld|collect2)[^/\]*( |$)]
  ignore line: [Change Dir: /home/cronos/.emacs.d/elpa/rtags-20171027.1028/rtags-2.15/CMakeFiles/CMakeTmp]
  ignore line: []
  ignore line: [Run Build Command:"/usr/bin/make" "cmTC_c32c3/fast"]
  ignore line: [/usr/bin/make -f CMakeFiles/cmTC_c32c3.dir/build.make CMakeFiles/cmTC_c32c3.dir/build]
  ignore line: [make[1]: Entering directory '/home/cronos/.emacs.d/elpa/rtags-20171027.1028/rtags-2.15/CMakeFiles/CMakeTmp']
  ignore line: [Building CXX object CMakeFiles/cmTC_c32c3.dir/CMakeCXXCompilerABI.cpp.o]
  ignore line: [/usr/bin/c++     -o CMakeFiles/cmTC_c32c3.dir/CMakeCXXCompilerABI.cpp.o -c /usr/share/cmake-3.10/Modules/CMakeCXXCompilerABI.cpp]
  ignore line: [Linking CXX executable cmTC_c32c3]
  ignore line: [/usr/bin/cmake -E cmake_link_script CMakeFiles/cmTC_c32c3.dir/link.txt --verbose=1]
  ignore line: [/usr/bin/c++      -v -rdynamic CMakeFiles/cmTC_c32c3.dir/CMakeCXXCompilerABI.cpp.o  -o cmTC_c32c3 ]
  ignore line: [Using built-in specs.]
  ignore line: [COLLECT_GCC=/usr/bin/c++]
  ignore line: [COLLECT_LTO_WRAPPER=/usr/lib/gcc/x86_64-pc-linux-gnu/7.2.0/lto-wrapper]
  ignore line: [Target: x86_64-pc-linux-gnu]
  ignore line: [Configured with: /build/gcc/src/gcc/configure --prefix=/usr --libdir=/usr/lib --libexecdir=/usr/lib --mandir=/usr/share/man --infodir=/usr/share/info --with-bugurl=https://bugs.archlinux.org/ --enable-languages=c,c++,ada,fortran,go,lto,objc,obj-c++ --enable-shared --enable-threads=posix --enable-libmpx --with-system-zlib --with-isl --enable-__cxa_atexit --disable-libunwind-exceptions --enable-clocale=gnu --disable-libstdcxx-pch --disable-libssp --enable-gnu-unique-object --enable-linker-build-id --enable-lto --enable-plugin --enable-install-libiberty --with-linker-hash-style=gnu --enable-gnu-indirect-function --disable-multilib --disable-werror --enable-checking=release --enable-default-pie --enable-default-ssp]
  ignore line: [Thread model: posix]
  ignore line: [gcc version 7.2.0 (GCC) ]
  ignore line: [COMPILER_PATH=/usr/lib/gcc/x86_64-pc-linux-gnu/7.2.0/:/usr/lib/gcc/x86_64-pc-linux-gnu/7.2.0/:/usr/lib/gcc/x86_64-pc-linux-gnu/:/usr/lib/gcc/x86_64-pc-linux-gnu/7.2.0/:/usr/lib/gcc/x86_64-pc-linux-gnu/]
  ignore line: [LIBRARY_PATH=/usr/lib/gcc/x86_64-pc-linux-gnu/7.2.0/:/usr/lib/gcc/x86_64-pc-linux-gnu/7.2.0/../../../../lib/:/lib/../lib/:/usr/lib/../lib/:/usr/lib/gcc/x86_64-pc-linux-gnu/7.2.0/../../../:/lib/:/usr/lib/]
  ignore line: [COLLECT_GCC_OPTIONS='-v' '-rdynamic' '-o' 'cmTC_c32c3' '-shared-libgcc' '-mtune=generic' '-march=x86-64']
  link line: [ /usr/lib/gcc/x86_64-pc-linux-gnu/7.2.0/collect2 -plugin /usr/lib/gcc/x86_64-pc-linux-gnu/7.2.0/liblto_plugin.so -plugin-opt=/usr/lib/gcc/x86_64-pc-linux-gnu/7.2.0/lto-wrapper -plugin-opt=-fresolution=/tmp/cc0Dk32o.res -plugin-opt=-pass-through=-lgcc_s -plugin-opt=-pass-through=-lgcc -plugin-opt=-pass-through=-lc -plugin-opt=-pass-through=-lgcc_s -plugin-opt=-pass-through=-lgcc --build-id --eh-frame-hdr --hash-style=gnu -m elf_x86_64 -export-dynamic -dynamic-linker /lib64/ld-linux-x86-64.so.2 -pie -o cmTC_c32c3 /usr/lib/gcc/x86_64-pc-linux-gnu/7.2.0/../../../../lib/Scrt1.o /usr/lib/gcc/x86_64-pc-linux-gnu/7.2.0/../../../../lib/crti.o /usr/lib/gcc/x86_64-pc-linux-gnu/7.2.0/crtbeginS.o -L/usr/lib/gcc/x86_64-pc-linux-gnu/7.2.0 -L/usr/lib/gcc/x86_64-pc-linux-gnu/7.2.0/../../../../lib -L/lib/../lib -L/usr/lib/../lib -L/usr/lib/gcc/x86_64-pc-linux-gnu/7.2.0/../../.. CMakeFiles/cmTC_c32c3.dir/CMakeCXXCompilerABI.cpp.o -lstdc++ -lm -lgcc_s -lgcc -lc -lgcc_s -lgcc /usr/lib/gcc/x86_64-pc-linux-gnu/7.2.0/crtendS.o /usr/lib/gcc/x86_64-pc-linux-gnu/7.2.0/../../../../lib/crtn.o]
    arg [/usr/lib/gcc/x86_64-pc-linux-gnu/7.2.0/collect2] ==> ignore
    arg [-plugin] ==> ignore
    arg [/usr/lib/gcc/x86_64-pc-linux-gnu/7.2.0/liblto_plugin.so] ==> ignore
    arg [-plugin-opt=/usr/lib/gcc/x86_64-pc-linux-gnu/7.2.0/lto-wrapper] ==> ignore
    arg [-plugin-opt=-fresolution=/tmp/cc0Dk32o.res] ==> ignore
    arg [-plugin-opt=-pass-through=-lgcc_s] ==> ignore
    arg [-plugin-opt=-pass-through=-lgcc] ==> ignore
    arg [-plugin-opt=-pass-through=-lc] ==> ignore
    arg [-plugin-opt=-pass-through=-lgcc_s] ==> ignore
    arg [-plugin-opt=-pass-through=-lgcc] ==> ignore
    arg [--build-id] ==> ignore
    arg [--eh-frame-hdr] ==> ignore
    arg [--hash-style=gnu] ==> ignore
    arg [-m] ==> ignore
    arg [elf_x86_64] ==> ignore
    arg [-export-dynamic] ==> ignore
    arg [-dynamic-linker] ==> ignore
    arg [/lib64/ld-linux-x86-64.so.2] ==> ignore
    arg [-pie] ==> ignore
    arg [-o] ==> ignore
    arg [cmTC_c32c3] ==> ignore
    arg [/usr/lib/gcc/x86_64-pc-linux-gnu/7.2.0/../../../../lib/Scrt1.o] ==> ignore
    arg [/usr/lib/gcc/x86_64-pc-linux-gnu/7.2.0/../../../../lib/crti.o] ==> ignore
    arg [/usr/lib/gcc/x86_64-pc-linux-gnu/7.2.0/crtbeginS.o] ==> ignore
    arg [-L/usr/lib/gcc/x86_64-pc-linux-gnu/7.2.0] ==> dir [/usr/lib/gcc/x86_64-pc-linux-gnu/7.2.0]
    arg [-L/usr/lib/gcc/x86_64-pc-linux-gnu/7.2.0/../../../../lib] ==> dir [/usr/lib/gcc/x86_64-pc-linux-gnu/7.2.0/../../../../lib]
    arg [-L/lib/../lib] ==> dir [/lib/../lib]
    arg [-L/usr/lib/../lib] ==> dir [/usr/lib/../lib]
    arg [-L/usr/lib/gcc/x86_64-pc-linux-gnu/7.2.0/../../..] ==> dir [/usr/lib/gcc/x86_64-pc-linux-gnu/7.2.0/../../..]
    arg [CMakeFiles/cmTC_c32c3.dir/CMakeCXXCompilerABI.cpp.o] ==> ignore
    arg [-lstdc++] ==> lib [stdc++]
    arg [-lm] ==> lib [m]
    arg [-lgcc_s] ==> lib [gcc_s]
    arg [-lgcc] ==> lib [gcc]
    arg [-lc] ==> lib [c]
    arg [-lgcc_s] ==> lib [gcc_s]
    arg [-lgcc] ==> lib [gcc]
    arg [/usr/lib/gcc/x86_64-pc-linux-gnu/7.2.0/crtendS.o] ==> ignore
    arg [/usr/lib/gcc/x86_64-pc-linux-gnu/7.2.0/../../../../lib/crtn.o] ==> ignore
  collapse library dir [/usr/lib/gcc/x86_64-pc-linux-gnu/7.2.0] ==> [/usr/lib/gcc/x86_64-pc-linux-gnu/7.2.0]
  collapse library dir [/usr/lib/gcc/x86_64-pc-linux-gnu/7.2.0/../../../../lib] ==> [/usr/lib]
  collapse library dir [/lib/../lib] ==> [/lib]
  collapse library dir [/usr/lib/../lib] ==> [/usr/lib]
  collapse library dir [/usr/lib/gcc/x86_64-pc-linux-gnu/7.2.0/../../..] ==> [/usr/lib]
  implicit libs: [stdc++;m;gcc_s;gcc;c;gcc_s;gcc]
  implicit dirs: [/usr/lib/gcc/x86_64-pc-linux-gnu/7.2.0;/usr/lib;/lib]
  implicit fwks: []




Detecting CXX [-std=c++1z] compiler features compiled with the following output:
Change Dir: /home/cronos/.emacs.d/elpa/rtags-20171027.1028/rtags-2.15/CMakeFiles/CMakeTmp

Run Build Command:"/usr/bin/make" "cmTC_8ab0c/fast"
/usr/bin/make -f CMakeFiles/cmTC_8ab0c.dir/build.make CMakeFiles/cmTC_8ab0c.dir/build
make[1]: Entering directory '/home/cronos/.emacs.d/elpa/rtags-20171027.1028/rtags-2.15/CMakeFiles/CMakeTmp'
Building CXX object CMakeFiles/cmTC_8ab0c.dir/feature_tests.cxx.o
/usr/bin/c++    -std=c++1z -o CMakeFiles/cmTC_8ab0c.dir/feature_tests.cxx.o -c /home/cronos/.emacs.d/elpa/rtags-20171027.1028/rtags-2.15/CMakeFiles/feature_tests.cxx
Linking CXX executable cmTC_8ab0c
/usr/bin/cmake -E cmake_link_script CMakeFiles/cmTC_8ab0c.dir/link.txt --verbose=1
/usr/bin/c++       -rdynamic CMakeFiles/cmTC_8ab0c.dir/feature_tests.cxx.o  -o cmTC_8ab0c 
make[1]: Leaving directory '/home/cronos/.emacs.d/elpa/rtags-20171027.1028/rtags-2.15/CMakeFiles/CMakeTmp'


    Feature record: CXX_FEATURE:1cxx_aggregate_default_initializers
    Feature record: CXX_FEATURE:1cxx_alias_templates
    Feature record: CXX_FEATURE:1cxx_alignas
    Feature record: CXX_FEATURE:1cxx_alignof
    Feature record: CXX_FEATURE:1cxx_attributes
    Feature record: CXX_FEATURE:1cxx_attribute_deprecated
    Feature record: CXX_FEATURE:1cxx_auto_type
    Feature record: CXX_FEATURE:1cxx_binary_literals
    Feature record: CXX_FEATURE:1cxx_constexpr
    Feature record: CXX_FEATURE:1cxx_contextual_conversions
    Feature record: CXX_FEATURE:1cxx_decltype
    Feature record: CXX_FEATURE:1cxx_decltype_auto
    Feature record: CXX_FEATURE:1cxx_decltype_incomplete_return_types
    Feature record: CXX_FEATURE:1cxx_default_function_template_args
    Feature record: CXX_FEATURE:1cxx_defaulted_functions
    Feature record: CXX_FEATURE:1cxx_defaulted_move_initializers
    Feature record: CXX_FEATURE:1cxx_delegating_constructors
    Feature record: CXX_FEATURE:1cxx_deleted_functions
    Feature record: CXX_FEATURE:1cxx_digit_separators
    Feature record: CXX_FEATURE:1cxx_enum_forward_declarations
    Feature record: CXX_FEATURE:1cxx_explicit_conversions
    Feature record: CXX_FEATURE:1cxx_extended_friend_declarations
    Feature record: CXX_FEATURE:1cxx_extern_templates
    Feature record: CXX_FEATURE:1cxx_final
    Feature record: CXX_FEATURE:1cxx_func_identifier
    Feature record: CXX_FEATURE:1cxx_generalized_initializers
    Feature record: CXX_FEATURE:1cxx_generic_lambdas
    Feature record: CXX_FEATURE:1cxx_inheriting_constructors
    Feature record: CXX_FEATURE:1cxx_inline_namespaces
    Feature record: CXX_FEATURE:1cxx_lambdas
    Feature record: CXX_FEATURE:1cxx_lambda_init_captures
    Feature record: CXX_FEATURE:1cxx_local_type_template_args
    Feature record: CXX_FEATURE:1cxx_long_long_type
    Feature record: CXX_FEATURE:1cxx_noexcept
    Feature record: CXX_FEATURE:1cxx_nonstatic_member_init
    Feature record: CXX_FEATURE:1cxx_nullptr
    Feature record: CXX_FEATURE:1cxx_override
    Feature record: CXX_FEATURE:1cxx_range_for
    Feature record: CXX_FEATURE:1cxx_raw_string_literals
    Feature record: CXX_FEATURE:1cxx_reference_qualified_functions
    Feature record: CXX_FEATURE:1cxx_relaxed_constexpr
    Feature record: CXX_FEATURE:1cxx_return_type_deduction
    Feature record: CXX_FEATURE:1cxx_right_angle_brackets
    Feature record: CXX_FEATURE:1cxx_rvalue_references
    Feature record: CXX_FEATURE:1cxx_sizeof_member
    Feature record: CXX_FEATURE:1cxx_static_assert
    Feature record: CXX_FEATURE:1cxx_strong_enums
    Feature record: CXX_FEATURE:1cxx_template_template_parameters
    Feature record: CXX_FEATURE:1cxx_thread_local
    Feature record: CXX_FEATURE:1cxx_trailing_return_types
    Feature record: CXX_FEATURE:1cxx_unicode_literals
    Feature record: CXX_FEATURE:1cxx_uniform_initialization
    Feature record: CXX_FEATURE:1cxx_unrestricted_unions
    Feature record: CXX_FEATURE:1cxx_user_literals
    Feature record: CXX_FEATURE:1cxx_variable_templates
    Feature record: CXX_FEATURE:1cxx_variadic_macros
    Feature record: CXX_FEATURE:1cxx_variadic_templates


Detecting CXX [-std=c++14] compiler features compiled with the following output:
Change Dir: /home/cronos/.emacs.d/elpa/rtags-20171027.1028/rtags-2.15/CMakeFiles/CMakeTmp

Run Build Command:"/usr/bin/make" "cmTC_7b6e6/fast"
/usr/bin/make -f CMakeFiles/cmTC_7b6e6.dir/build.make CMakeFiles/cmTC_7b6e6.dir/build
make[1]: Entering directory '/home/cronos/.emacs.d/elpa/rtags-20171027.1028/rtags-2.15/CMakeFiles/CMakeTmp'
Building CXX object CMakeFiles/cmTC_7b6e6.dir/feature_tests.cxx.o
/usr/bin/c++    -std=c++14 -o CMakeFiles/cmTC_7b6e6.dir/feature_tests.cxx.o -c /home/cronos/.emacs.d/elpa/rtags-20171027.1028/rtags-2.15/CMakeFiles/feature_tests.cxx
Linking CXX executable cmTC_7b6e6
/usr/bin/cmake -E cmake_link_script CMakeFiles/cmTC_7b6e6.dir/link.txt --verbose=1
/usr/bin/c++       -rdynamic CMakeFiles/cmTC_7b6e6.dir/feature_tests.cxx.o  -o cmTC_7b6e6 
make[1]: Leaving directory '/home/cronos/.emacs.d/elpa/rtags-20171027.1028/rtags-2.15/CMakeFiles/CMakeTmp'


    Feature record: CXX_FEATURE:1cxx_aggregate_default_initializers
    Feature record: CXX_FEATURE:1cxx_alias_templates
    Feature record: CXX_FEATURE:1cxx_alignas
    Feature record: CXX_FEATURE:1cxx_alignof
    Feature record: CXX_FEATURE:1cxx_attributes
    Feature record: CXX_FEATURE:1cxx_attribute_deprecated
    Feature record: CXX_FEATURE:1cxx_auto_type
    Feature record: CXX_FEATURE:1cxx_binary_literals
    Feature record: CXX_FEATURE:1cxx_constexpr
    Feature record: CXX_FEATURE:1cxx_contextual_conversions
    Feature record: CXX_FEATURE:1cxx_decltype
    Feature record: CXX_FEATURE:1cxx_decltype_auto
    Feature record: CXX_FEATURE:1cxx_decltype_incomplete_return_types
    Feature record: CXX_FEATURE:1cxx_default_function_template_args
    Feature record: CXX_FEATURE:1cxx_defaulted_functions
    Feature record: CXX_FEATURE:1cxx_defaulted_move_initializers
    Feature record: CXX_FEATURE:1cxx_delegating_constructors
    Feature record: CXX_FEATURE:1cxx_deleted_functions
    Feature record: CXX_FEATURE:1cxx_digit_separators
    Feature record: CXX_FEATURE:1cxx_enum_forward_declarations
    Feature record: CXX_FEATURE:1cxx_explicit_conversions
    Feature record: CXX_FEATURE:1cxx_extended_friend_declarations
    Feature record: CXX_FEATURE:1cxx_extern_templates
    Feature record: CXX_FEATURE:1cxx_final
    Feature record: CXX_FEATURE:1cxx_func_identifier
    Feature record: CXX_FEATURE:1cxx_generalized_initializers
    Feature record: CXX_FEATURE:1cxx_generic_lambdas
    Feature record: CXX_FEATURE:1cxx_inheriting_constructors
    Feature record: CXX_FEATURE:1cxx_inline_namespaces
    Feature record: CXX_FEATURE:1cxx_lambdas
    Feature record: CXX_FEATURE:1cxx_lambda_init_captures
    Feature record: CXX_FEATURE:1cxx_local_type_template_args
    Feature record: CXX_FEATURE:1cxx_long_long_type
    Feature record: CXX_FEATURE:1cxx_noexcept
    Feature record: CXX_FEATURE:1cxx_nonstatic_member_init
    Feature record: CXX_FEATURE:1cxx_nullptr
    Feature record: CXX_FEATURE:1cxx_override
    Feature record: CXX_FEATURE:1cxx_range_for
    Feature record: CXX_FEATURE:1cxx_raw_string_literals
    Feature record: CXX_FEATURE:1cxx_reference_qualified_functions
    Feature record: CXX_FEATURE:1cxx_relaxed_constexpr
    Feature record: CXX_FEATURE:1cxx_return_type_deduction
    Feature record: CXX_FEATURE:1cxx_right_angle_brackets
    Feature record: CXX_FEATURE:1cxx_rvalue_references
    Feature record: CXX_FEATURE:1cxx_sizeof_member
    Feature record: CXX_FEATURE:1cxx_static_assert
    Feature record: CXX_FEATURE:1cxx_strong_enums
    Feature record: CXX_FEATURE:1cxx_template_template_parameters
    Feature record: CXX_FEATURE:1cxx_thread_local
    Feature record: CXX_FEATURE:1cxx_trailing_return_types
    Feature record: CXX_FEATURE:1cxx_unicode_literals
    Feature record: CXX_FEATURE:1cxx_uniform_initialization
    Feature record: CXX_FEATURE:1cxx_unrestricted_unions
    Feature record: CXX_FEATURE:1cxx_user_literals
    Feature record: CXX_FEATURE:1cxx_variable_templates
    Feature record: CXX_FEATURE:1cxx_variadic_macros
    Feature record: CXX_FEATURE:1cxx_variadic_templates


Detecting CXX [-std=c++11] compiler features compiled with the following output:
Change Dir: /home/cronos/.emacs.d/elpa/rtags-20171027.1028/rtags-2.15/CMakeFiles/CMakeTmp

Run Build Command:"/usr/bin/make" "cmTC_0214a/fast"
/usr/bin/make -f CMakeFiles/cmTC_0214a.dir/build.make CMakeFiles/cmTC_0214a.dir/build
make[1]: Entering directory '/home/cronos/.emacs.d/elpa/rtags-20171027.1028/rtags-2.15/CMakeFiles/CMakeTmp'
Building CXX object CMakeFiles/cmTC_0214a.dir/feature_tests.cxx.o
/usr/bin/c++    -std=c++11 -o CMakeFiles/cmTC_0214a.dir/feature_tests.cxx.o -c /home/cronos/.emacs.d/elpa/rtags-20171027.1028/rtags-2.15/CMakeFiles/feature_tests.cxx
Linking CXX executable cmTC_0214a
/usr/bin/cmake -E cmake_link_script CMakeFiles/cmTC_0214a.dir/link.txt --verbose=1
/usr/bin/c++       -rdynamic CMakeFiles/cmTC_0214a.dir/feature_tests.cxx.o  -o cmTC_0214a 
make[1]: Leaving directory '/home/cronos/.emacs.d/elpa/rtags-20171027.1028/rtags-2.15/CMakeFiles/CMakeTmp'


    Feature record: CXX_FEATURE:0cxx_aggregate_default_initializers
    Feature record: CXX_FEATURE:1cxx_alias_templates
    Feature record: CXX_FEATURE:1cxx_alignas
    Feature record: CXX_FEATURE:1cxx_alignof
    Feature record: CXX_FEATURE:1cxx_attributes
    Feature record: CXX_FEATURE:0cxx_attribute_deprecated
    Feature record: CXX_FEATURE:1cxx_auto_type
    Feature record: CXX_FEATURE:0cxx_binary_literals
    Feature record: CXX_FEATURE:1cxx_constexpr
    Feature record: CXX_FEATURE:0cxx_contextual_conversions
    Feature record: CXX_FEATURE:1cxx_decltype
    Feature record: CXX_FEATURE:0cxx_decltype_auto
    Feature record: CXX_FEATURE:1cxx_decltype_incomplete_return_types
    Feature record: CXX_FEATURE:1cxx_default_function_template_args
    Feature record: CXX_FEATURE:1cxx_defaulted_functions
    Feature record: CXX_FEATURE:1cxx_defaulted_move_initializers
    Feature record: CXX_FEATURE:1cxx_delegating_constructors
    Feature record: CXX_FEATURE:1cxx_deleted_functions
    Feature record: CXX_FEATURE:0cxx_digit_separators
    Feature record: CXX_FEATURE:1cxx_enum_forward_declarations
    Feature record: CXX_FEATURE:1cxx_explicit_conversions
    Feature record: CXX_FEATURE:1cxx_extended_friend_declarations
    Feature record: CXX_FEATURE:1cxx_extern_templates
    Feature record: CXX_FEATURE:1cxx_final
    Feature record: CXX_FEATURE:1cxx_func_identifier
    Feature record: CXX_FEATURE:1cxx_generalized_initializers
    Feature record: CXX_FEATURE:0cxx_generic_lambdas
    Feature record: CXX_FEATURE:1cxx_inheriting_constructors
    Feature record: CXX_FEATURE:1cxx_inline_namespaces
    Feature record: CXX_FEATURE:1cxx_lambdas
    Feature record: CXX_FEATURE:0cxx_lambda_init_captures
    Feature record: CXX_FEATURE:1cxx_local_type_template_args
    Feature record: CXX_FEATURE:1cxx_long_long_type
    Feature record: CXX_FEATURE:1cxx_noexcept
    Feature record: CXX_FEATURE:1cxx_nonstatic_member_init
    Feature record: CXX_FEATURE:1cxx_nullptr
    Feature record: CXX_FEATURE:1cxx_override
    Feature record: CXX_FEATURE:1cxx_range_for
    Feature record: CXX_FEATURE:1cxx_raw_string_literals
    Feature record: CXX_FEATURE:1cxx_reference_qualified_functions
    Feature record: CXX_FEATURE:0cxx_relaxed_constexpr
    Feature record: CXX_FEATURE:0cxx_return_type_deduction
    Feature record: CXX_FEATURE:1cxx_right_angle_brackets
    Feature record: CXX_FEATURE:1cxx_rvalue_references
    Feature record: CXX_FEATURE:1cxx_sizeof_member
    Feature record: CXX_FEATURE:1cxx_static_assert
    Feature record: CXX_FEATURE:1cxx_strong_enums
    Feature record: CXX_FEATURE:1cxx_template_template_parameters
    Feature record: CXX_FEATURE:1cxx_thread_local
    Feature record: CXX_FEATURE:1cxx_trailing_return_types
    Feature record: CXX_FEATURE:1cxx_unicode_literals
    Feature record: CXX_FEATURE:1cxx_uniform_initialization
    Feature record: CXX_FEATURE:1cxx_unrestricted_unions
    Feature record: CXX_FEATURE:1cxx_user_literals
    Feature record: CXX_FEATURE:0cxx_variable_templates
    Feature record: CXX_FEATURE:1cxx_variadic_macros
    Feature record: CXX_FEATURE:1cxx_variadic_templates


Detecting CXX [-std=c++98] compiler features compiled with the following output:
Change Dir: /home/cronos/.emacs.d/elpa/rtags-20171027.1028/rtags-2.15/CMakeFiles/CMakeTmp

Run Build Command:"/usr/bin/make" "cmTC_dddde/fast"
/usr/bin/make -f CMakeFiles/cmTC_dddde.dir/build.make CMakeFiles/cmTC_dddde.dir/build
make[1]: Entering directory '/home/cronos/.emacs.d/elpa/rtags-20171027.1028/rtags-2.15/CMakeFiles/CMakeTmp'
Building CXX object CMakeFiles/cmTC_dddde.dir/feature_tests.cxx.o
/usr/bin/c++    -std=c++98 -o CMakeFiles/cmTC_dddde.dir/feature_tests.cxx.o -c /home/cronos/.emacs.d/elpa/rtags-20171027.1028/rtags-2.15/CMakeFiles/feature_tests.cxx
Linking CXX executable cmTC_dddde
/usr/bin/cmake -E cmake_link_script CMakeFiles/cmTC_dddde.dir/link.txt --verbose=1
/usr/bin/c++       -rdynamic CMakeFiles/cmTC_dddde.dir/feature_tests.cxx.o  -o cmTC_dddde 
make[1]: Leaving directory '/home/cronos/.emacs.d/elpa/rtags-20171027.1028/rtags-2.15/CMakeFiles/CMakeTmp'


    Feature record: CXX_FEATURE:0cxx_aggregate_default_initializers
    Feature record: CXX_FEATURE:0cxx_alias_templates
    Feature record: CXX_FEATURE:0cxx_alignas
    Feature record: CXX_FEATURE:0cxx_alignof
    Feature record: CXX_FEATURE:0cxx_attributes
    Feature record: CXX_FEATURE:0cxx_attribute_deprecated
    Feature record: CXX_FEATURE:0cxx_auto_type
    Feature record: CXX_FEATURE:0cxx_binary_literals
    Feature record: CXX_FEATURE:0cxx_constexpr
    Feature record: CXX_FEATURE:0cxx_contextual_conversions
    Feature record: CXX_FEATURE:0cxx_decltype
    Feature record: CXX_FEATURE:0cxx_decltype_auto
    Feature record: CXX_FEATURE:0cxx_decltype_incomplete_return_types
    Feature record: CXX_FEATURE:0cxx_default_function_template_args
    Feature record: CXX_FEATURE:0cxx_defaulted_functions
    Feature record: CXX_FEATURE:0cxx_defaulted_move_initializers
    Feature record: CXX_FEATURE:0cxx_delegating_constructors
    Feature record: CXX_FEATURE:0cxx_deleted_functions
    Feature record: CXX_FEATURE:0cxx_digit_separators
    Feature record: CXX_FEATURE:0cxx_enum_forward_declarations
    Feature record: CXX_FEATURE:0cxx_explicit_conversions
    Feature record: CXX_FEATURE:0cxx_extended_friend_declarations
    Feature record: CXX_FEATURE:0cxx_extern_templates
    Feature record: CXX_FEATURE:0cxx_final
    Feature record: CXX_FEATURE:0cxx_func_identifier
    Feature record: CXX_FEATURE:0cxx_generalized_initializers
    Feature record: CXX_FEATURE:0cxx_generic_lambdas
    Feature record: CXX_FEATURE:0cxx_inheriting_constructors
    Feature record: CXX_FEATURE:0cxx_inline_namespaces
    Feature record: CXX_FEATURE:0cxx_lambdas
    Feature record: CXX_FEATURE:0cxx_lambda_init_captures
    Feature record: CXX_FEATURE:0cxx_local_type_template_args
    Feature record: CXX_FEATURE:0cxx_long_long_type
    Feature record: CXX_FEATURE:0cxx_noexcept
    Feature record: CXX_FEATURE:0cxx_nonstatic_member_init
    Feature record: CXX_FEATURE:0cxx_nullptr
    Feature record: CXX_FEATURE:0cxx_override
    Feature record: CXX_FEATURE:0cxx_range_for
    Feature record: CXX_FEATURE:0cxx_raw_string_literals
    Feature record: CXX_FEATURE:0cxx_reference_qualified_functions
    Feature record: CXX_FEATURE:0cxx_relaxed_constexpr
    Feature record: CXX_FEATURE:0cxx_return_type_deduction
    Feature record: CXX_FEATURE:0cxx_right_angle_brackets
    Feature record: CXX_FEATURE:0cxx_rvalue_references
    Feature record: CXX_FEATURE:0cxx_sizeof_member
    Feature record: CXX_FEATURE:0cxx_static_assert
    Feature record: CXX_FEATURE:0cxx_strong_enums
    Feature record: CXX_FEATURE:1cxx_template_template_parameters
    Feature record: CXX_FEATURE:0cxx_thread_local
    Feature record: CXX_FEATURE:0cxx_trailing_return_types
    Feature record: CXX_FEATURE:0cxx_unicode_literals
    Feature record: CXX_FEATURE:0cxx_uniform_initialization
    Feature record: CXX_FEATURE:0cxx_unrestricted_unions
    Feature record: CXX_FEATURE:0cxx_user_literals
    Feature record: CXX_FEATURE:0cxx_variable_templates
    Feature record: CXX_FEATURE:0cxx_variadic_macros
    Feature record: CXX_FEATURE:0cxx_variadic_templates
Performing C++ SOURCE FILE Test LIBCLANG_COMPILES succeeded with the following output:
Change Dir: /home/cronos/.emacs.d/elpa/rtags-20171027.1028/rtags-2.15/CMakeFiles/CMakeTmp

Run Build Command:"/usr/bin/make" "cmTC_394cd/fast"
/usr/bin/make -f CMakeFiles/cmTC_394cd.dir/build.make CMakeFiles/cmTC_394cd.dir/build
make[1]: Entering directory '/home/cronos/.emacs.d/elpa/rtags-20171027.1028/rtags-2.15/CMakeFiles/CMakeTmp'
Building CXX object CMakeFiles/cmTC_394cd.dir/src.cxx.o
/usr/bin/c++    -I/usr/include -D_GNU_SOURCE -D__STDC_CONSTANT_MACROS -D__STDC_FORMAT_MACROS -D__STDC_LIMIT_MACROS -DLIBCLANG_COMPILES  -I/usr/include -D_GNU_SOURCE -D__STDC_CONSTANT_MACROS -D__STDC_FORMAT_MACROS -D__STDC_LIMIT_MACROS   -o CMakeFiles/cmTC_394cd.dir/src.cxx.o -c /home/cronos/.emacs.d/elpa/rtags-20171027.1028/rtags-2.15/CMakeFiles/CMakeTmp/src.cxx
Linking CXX executable cmTC_394cd
/usr/bin/cmake -E cmake_link_script CMakeFiles/cmTC_394cd.dir/link.txt --verbose=1
/usr/bin/c++   -I/usr/include -D_GNU_SOURCE -D__STDC_CONSTANT_MACROS -D__STDC_FORMAT_MACROS -D__STDC_LIMIT_MACROS -DLIBCLANG_COMPILES  -I/usr/include -D_GNU_SOURCE -D__STDC_CONSTANT_MACROS -D__STDC_FORMAT_MACROS -D__STDC_LIMIT_MACROS    -rdynamic CMakeFiles/cmTC_394cd.dir/src.cxx.o  -o cmTC_394cd /usr/lib/libclang.so 
make[1]: Leaving directory '/home/cronos/.emacs.d/elpa/rtags-20171027.1028/rtags-2.15/CMakeFiles/CMakeTmp'

Source file was:

#include <clang-c/Index.h>

int main()
{
    CXIndex index = clang_createIndex(0, true);
    CXTranslationUnit unit = clang_parseTranslationUnit(index, 0, 0, 0, 0, 0, 0);
    clang_disposeTranslationUnit(unit);
    clang_disposeIndex(index);
    return 0;
}

Determining if the backtrace exist passed with the following output:
Change Dir: /home/cronos/.emacs.d/elpa/rtags-20171027.1028/rtags-2.15/CMakeFiles/CMakeTmp

Run Build Command:"/usr/bin/make" "cmTC_29cf6/fast"
/usr/bin/make -f CMakeFiles/cmTC_29cf6.dir/build.make CMakeFiles/cmTC_29cf6.dir/build
make[1]: Entering directory '/home/cronos/.emacs.d/elpa/rtags-20171027.1028/rtags-2.15/CMakeFiles/CMakeTmp'
Building CXX object CMakeFiles/cmTC_29cf6.dir/CheckSymbolExists.cxx.o
/usr/bin/c++    -I/usr/include -D_GNU_SOURCE -D__STDC_CONSTANT_MACROS -D__STDC_FORMAT_MACROS -D__STDC_LIMIT_MACROS -Wall -Wextra -Wpointer-arith -Wnon-virtual-dtor -Wshadow -Wformat -std=c++11 -pthread    -o CMakeFiles/cmTC_29cf6.dir/CheckSymbolExists.cxx.o -c /home/cronos/.emacs.d/elpa/rtags-20171027.1028/rtags-2.15/CMakeFiles/CMakeTmp/CheckSymbolExists.cxx
Linking CXX executable cmTC_29cf6
/usr/bin/cmake -E cmake_link_script CMakeFiles/cmTC_29cf6.dir/link.txt --verbose=1
/usr/bin/c++   -I/usr/include -D_GNU_SOURCE -D__STDC_CONSTANT_MACROS -D__STDC_FORMAT_MACROS -D__STDC_LIMIT_MACROS -Wall -Wextra -Wpointer-arith -Wnon-virtual-dtor -Wshadow -Wformat -std=c++11 -pthread     -rdynamic CMakeFiles/cmTC_29cf6.dir/CheckSymbolExists.cxx.o  -o cmTC_29cf6 
make[1]: Leaving directory '/home/cronos/.emacs.d/elpa/rtags-20171027.1028/rtags-2.15/CMakeFiles/CMakeTmp'

File /home/cronos/.emacs.d/elpa/rtags-20171027.1028/rtags-2.15/CMakeFiles/CMakeTmp/CheckSymbolExists.cxx:
/* */
#include <execinfo.h>

int main(int argc, char** argv)
{
  (void)argv;
#ifndef backtrace
  return ((int*)(&backtrace))[argc];
#else
  (void)argc;
  return 0;
#endif
}

Determining if the CLOCK_MONOTONIC_RAW exist passed with the following output:
Change Dir: /home/cronos/.emacs.d/elpa/rtags-20171027.1028/rtags-2.15/CMakeFiles/CMakeTmp

Run Build Command:"/usr/bin/make" "cmTC_c4923/fast"
/usr/bin/make -f CMakeFiles/cmTC_c4923.dir/build.make CMakeFiles/cmTC_c4923.dir/build
make[1]: Entering directory '/home/cronos/.emacs.d/elpa/rtags-20171027.1028/rtags-2.15/CMakeFiles/CMakeTmp'
Building CXX object CMakeFiles/cmTC_c4923.dir/CheckSymbolExists.cxx.o
/usr/bin/c++    -I/usr/include -D_GNU_SOURCE -D__STDC_CONSTANT_MACROS -D__STDC_FORMAT_MACROS -D__STDC_LIMIT_MACROS -Wall -Wextra -Wpointer-arith -Wnon-virtual-dtor -Wshadow -Wformat -std=c++11 -pthread    -o CMakeFiles/cmTC_c4923.dir/CheckSymbolExists.cxx.o -c /home/cronos/.emacs.d/elpa/rtags-20171027.1028/rtags-2.15/CMakeFiles/CMakeTmp/CheckSymbolExists.cxx
Linking CXX executable cmTC_c4923
/usr/bin/cmake -E cmake_link_script CMakeFiles/cmTC_c4923.dir/link.txt --verbose=1
/usr/bin/c++   -I/usr/include -D_GNU_SOURCE -D__STDC_CONSTANT_MACROS -D__STDC_FORMAT_MACROS -D__STDC_LIMIT_MACROS -Wall -Wextra -Wpointer-arith -Wnon-virtual-dtor -Wshadow -Wformat -std=c++11 -pthread     -rdynamic CMakeFiles/cmTC_c4923.dir/CheckSymbolExists.cxx.o  -o cmTC_c4923 
make[1]: Leaving directory '/home/cronos/.emacs.d/elpa/rtags-20171027.1028/rtags-2.15/CMakeFiles/CMakeTmp'

File /home/cronos/.emacs.d/elpa/rtags-20171027.1028/rtags-2.15/CMakeFiles/CMakeTmp/CheckSymbolExists.cxx:
/* */
#include <time.h>

int main(int argc, char** argv)
{
  (void)argv;
#ifndef CLOCK_MONOTONIC_RAW
  return ((int*)(&CLOCK_MONOTONIC_RAW))[argc];
#else
  (void)argc;
  return 0;
#endif
}

Determining if the CLOCK_MONOTONIC exist passed with the following output:
Change Dir: /home/cronos/.emacs.d/elpa/rtags-20171027.1028/rtags-2.15/CMakeFiles/CMakeTmp

Run Build Command:"/usr/bin/make" "cmTC_4a2a7/fast"
/usr/bin/make -f CMakeFiles/cmTC_4a2a7.dir/build.make CMakeFiles/cmTC_4a2a7.dir/build
make[1]: Entering directory '/home/cronos/.emacs.d/elpa/rtags-20171027.1028/rtags-2.15/CMakeFiles/CMakeTmp'
Building CXX object CMakeFiles/cmTC_4a2a7.dir/CheckSymbolExists.cxx.o
/usr/bin/c++    -I/usr/include -D_GNU_SOURCE -D__STDC_CONSTANT_MACROS -D__STDC_FORMAT_MACROS -D__STDC_LIMIT_MACROS -Wall -Wextra -Wpointer-arith -Wnon-virtual-dtor -Wshadow -Wformat -std=c++11 -pthread    -o CMakeFiles/cmTC_4a2a7.dir/CheckSymbolExists.cxx.o -c /home/cronos/.emacs.d/elpa/rtags-20171027.1028/rtags-2.15/CMakeFiles/CMakeTmp/CheckSymbolExists.cxx
Linking CXX executable cmTC_4a2a7
/usr/bin/cmake -E cmake_link_script CMakeFiles/cmTC_4a2a7.dir/link.txt --verbose=1
/usr/bin/c++   -I/usr/include -D_GNU_SOURCE -D__STDC_CONSTANT_MACROS -D__STDC_FORMAT_MACROS -D__STDC_LIMIT_MACROS -Wall -Wextra -Wpointer-arith -Wnon-virtual-dtor -Wshadow -Wformat -std=c++11 -pthread     -rdynamic CMakeFiles/cmTC_4a2a7.dir/CheckSymbolExists.cxx.o  -o cmTC_4a2a7 
make[1]: Leaving directory '/home/cronos/.emacs.d/elpa/rtags-20171027.1028/rtags-2.15/CMakeFiles/CMakeTmp'

File /home/cronos/.emacs.d/elpa/rtags-20171027.1028/rtags-2.15/CMakeFiles/CMakeTmp/CheckSymbolExists.cxx:
/* */
#include <time.h>

int main(int argc, char** argv)
{
  (void)argv;
#ifndef CLOCK_MONOTONIC
  return ((int*)(&CLOCK_MONOTONIC))[argc];
#else
  (void)argc;
  return 0;
#endif
}

Determining if the inotify_init exist passed with the following output:
Change Dir: /home/cronos/.emacs.d/elpa/rtags-20171027.1028/rtags-2.15/CMakeFiles/CMakeTmp

Run Build Command:"/usr/bin/make" "cmTC_ca6de/fast"
/usr/bin/make -f CMakeFiles/cmTC_ca6de.dir/build.make CMakeFiles/cmTC_ca6de.dir/build
make[1]: Entering directory '/home/cronos/.emacs.d/elpa/rtags-20171027.1028/rtags-2.15/CMakeFiles/CMakeTmp'
Building CXX object CMakeFiles/cmTC_ca6de.dir/CheckSymbolExists.cxx.o
/usr/bin/c++    -I/usr/include -D_GNU_SOURCE -D__STDC_CONSTANT_MACROS -D__STDC_FORMAT_MACROS -D__STDC_LIMIT_MACROS -Wall -Wextra -Wpointer-arith -Wnon-virtual-dtor -Wshadow -Wformat -std=c++11 -pthread    -o CMakeFiles/cmTC_ca6de.dir/CheckSymbolExists.cxx.o -c /home/cronos/.emacs.d/elpa/rtags-20171027.1028/rtags-2.15/CMakeFiles/CMakeTmp/CheckSymbolExists.cxx
Linking CXX executable cmTC_ca6de
/usr/bin/cmake -E cmake_link_script CMakeFiles/cmTC_ca6de.dir/link.txt --verbose=1
/usr/bin/c++   -I/usr/include -D_GNU_SOURCE -D__STDC_CONSTANT_MACROS -D__STDC_FORMAT_MACROS -D__STDC_LIMIT_MACROS -Wall -Wextra -Wpointer-arith -Wnon-virtual-dtor -Wshadow -Wformat -std=c++11 -pthread     -rdynamic CMakeFiles/cmTC_ca6de.dir/CheckSymbolExists.cxx.o  -o cmTC_ca6de 
make[1]: Leaving directory '/home/cronos/.emacs.d/elpa/rtags-20171027.1028/rtags-2.15/CMakeFiles/CMakeTmp'

File /home/cronos/.emacs.d/elpa/rtags-20171027.1028/rtags-2.15/CMakeFiles/CMakeTmp/CheckSymbolExists.cxx:
/* */
#include <sys/inotify.h>

int main(int argc, char** argv)
{
  (void)argv;
#ifndef inotify_init
  return ((int*)(&inotify_init))[argc];
#else
  (void)argc;
  return 0;
#endif
}

Determining if the epoll_wait exist passed with the following output:
Change Dir: /home/cronos/.emacs.d/elpa/rtags-20171027.1028/rtags-2.15/CMakeFiles/CMakeTmp

Run Build Command:"/usr/bin/make" "cmTC_23607/fast"
/usr/bin/make -f CMakeFiles/cmTC_23607.dir/build.make CMakeFiles/cmTC_23607.dir/build
make[1]: Entering directory '/home/cronos/.emacs.d/elpa/rtags-20171027.1028/rtags-2.15/CMakeFiles/CMakeTmp'
Building CXX object CMakeFiles/cmTC_23607.dir/CheckSymbolExists.cxx.o
/usr/bin/c++    -I/usr/include -D_GNU_SOURCE -D__STDC_CONSTANT_MACROS -D__STDC_FORMAT_MACROS -D__STDC_LIMIT_MACROS -Wall -Wextra -Wpointer-arith -Wnon-virtual-dtor -Wshadow -Wformat -std=c++11 -pthread    -o CMakeFiles/cmTC_23607.dir/CheckSymbolExists.cxx.o -c /home/cronos/.emacs.d/elpa/rtags-20171027.1028/rtags-2.15/CMakeFiles/CMakeTmp/CheckSymbolExists.cxx
Linking CXX executable cmTC_23607
/usr/bin/cmake -E cmake_link_script CMakeFiles/cmTC_23607.dir/link.txt --verbose=1
/usr/bin/c++   -I/usr/include -D_GNU_SOURCE -D__STDC_CONSTANT_MACROS -D__STDC_FORMAT_MACROS -D__STDC_LIMIT_MACROS -Wall -Wextra -Wpointer-arith -Wnon-virtual-dtor -Wshadow -Wformat -std=c++11 -pthread     -rdynamic CMakeFiles/cmTC_23607.dir/CheckSymbolExists.cxx.o  -o cmTC_23607 
make[1]: Leaving directory '/home/cronos/.emacs.d/elpa/rtags-20171027.1028/rtags-2.15/CMakeFiles/CMakeTmp'

File /home/cronos/.emacs.d/elpa/rtags-20171027.1028/rtags-2.15/CMakeFiles/CMakeTmp/CheckSymbolExists.cxx:
/* */
#include <sys/epoll.h>

int main(int argc, char** argv)
{
  (void)argv;
#ifndef epoll_wait
  return ((int*)(&epoll_wait))[argc];
#else
  (void)argc;
  return 0;
#endif
}

Determining if the select exist passed with the following output:
Change Dir: /home/cronos/.emacs.d/elpa/rtags-20171027.1028/rtags-2.15/CMakeFiles/CMakeTmp

Run Build Command:"/usr/bin/make" "cmTC_5e27a/fast"
/usr/bin/make -f CMakeFiles/cmTC_5e27a.dir/build.make CMakeFiles/cmTC_5e27a.dir/build
make[1]: Entering directory '/home/cronos/.emacs.d/elpa/rtags-20171027.1028/rtags-2.15/CMakeFiles/CMakeTmp'
Building CXX object CMakeFiles/cmTC_5e27a.dir/CheckSymbolExists.cxx.o
/usr/bin/c++    -I/usr/include -D_GNU_SOURCE -D__STDC_CONSTANT_MACROS -D__STDC_FORMAT_MACROS -D__STDC_LIMIT_MACROS -Wall -Wextra -Wpointer-arith -Wnon-virtual-dtor -Wshadow -Wformat -std=c++11 -pthread    -o CMakeFiles/cmTC_5e27a.dir/CheckSymbolExists.cxx.o -c /home/cronos/.emacs.d/elpa/rtags-20171027.1028/rtags-2.15/CMakeFiles/CMakeTmp/CheckSymbolExists.cxx
Linking CXX executable cmTC_5e27a
/usr/bin/cmake -E cmake_link_script CMakeFiles/cmTC_5e27a.dir/link.txt --verbose=1
/usr/bin/c++   -I/usr/include -D_GNU_SOURCE -D__STDC_CONSTANT_MACROS -D__STDC_FORMAT_MACROS -D__STDC_LIMIT_MACROS -Wall -Wextra -Wpointer-arith -Wnon-virtual-dtor -Wshadow -Wformat -std=c++11 -pthread     -rdynamic CMakeFiles/cmTC_5e27a.dir/CheckSymbolExists.cxx.o  -o cmTC_5e27a 
make[1]: Leaving directory '/home/cronos/.emacs.d/elpa/rtags-20171027.1028/rtags-2.15/CMakeFiles/CMakeTmp'

File /home/cronos/.emacs.d/elpa/rtags-20171027.1028/rtags-2.15/CMakeFiles/CMakeTmp/CheckSymbolExists.cxx:
/* */
#include <sys/select.h>

int main(int argc, char** argv)
{
  (void)argv;
#ifndef select
  return ((int*)(&select))[argc];
#else
  (void)argc;
  return 0;
#endif
}

Determining if the FD_CLOEXEC exist passed with the following output:
Change Dir: /home/cronos/.emacs.d/elpa/rtags-20171027.1028/rtags-2.15/CMakeFiles/CMakeTmp

Run Build Command:"/usr/bin/make" "cmTC_06368/fast"
/usr/bin/make -f CMakeFiles/cmTC_06368.dir/build.make CMakeFiles/cmTC_06368.dir/build
make[1]: Entering directory '/home/cronos/.emacs.d/elpa/rtags-20171027.1028/rtags-2.15/CMakeFiles/CMakeTmp'
Building CXX object CMakeFiles/cmTC_06368.dir/CheckSymbolExists.cxx.o
/usr/bin/c++    -I/usr/include -D_GNU_SOURCE -D__STDC_CONSTANT_MACROS -D__STDC_FORMAT_MACROS -D__STDC_LIMIT_MACROS -Wall -Wextra -Wpointer-arith -Wnon-virtual-dtor -Wshadow -Wformat -std=c++11 -pthread    -o CMakeFiles/cmTC_06368.dir/CheckSymbolExists.cxx.o -c /home/cronos/.emacs.d/elpa/rtags-20171027.1028/rtags-2.15/CMakeFiles/CMakeTmp/CheckSymbolExists.cxx
Linking CXX executable cmTC_06368
/usr/bin/cmake -E cmake_link_script CMakeFiles/cmTC_06368.dir/link.txt --verbose=1
/usr/bin/c++   -I/usr/include -D_GNU_SOURCE -D__STDC_CONSTANT_MACROS -D__STDC_FORMAT_MACROS -D__STDC_LIMIT_MACROS -Wall -Wextra -Wpointer-arith -Wnon-virtual-dtor -Wshadow -Wformat -std=c++11 -pthread     -rdynamic CMakeFiles/cmTC_06368.dir/CheckSymbolExists.cxx.o  -o cmTC_06368 
make[1]: Leaving directory '/home/cronos/.emacs.d/elpa/rtags-20171027.1028/rtags-2.15/CMakeFiles/CMakeTmp'

File /home/cronos/.emacs.d/elpa/rtags-20171027.1028/rtags-2.15/CMakeFiles/CMakeTmp/CheckSymbolExists.cxx:
/* */
#include <fcntl.h>

int main(int argc, char** argv)
{
  (void)argv;
#ifndef FD_CLOEXEC
  return ((int*)(&FD_CLOEXEC))[argc];
#else
  (void)argc;
  return 0;
#endif
}

Determining if the MSG_NOSIGNAL exist passed with the following output:
Change Dir: /home/cronos/.emacs.d/elpa/rtags-20171027.1028/rtags-2.15/CMakeFiles/CMakeTmp

Run Build Command:"/usr/bin/make" "cmTC_072ab/fast"
/usr/bin/make -f CMakeFiles/cmTC_072ab.dir/build.make CMakeFiles/cmTC_072ab.dir/build
make[1]: Entering directory '/home/cronos/.emacs.d/elpa/rtags-20171027.1028/rtags-2.15/CMakeFiles/CMakeTmp'
Building CXX object CMakeFiles/cmTC_072ab.dir/CheckSymbolExists.cxx.o
/usr/bin/c++    -I/usr/include -D_GNU_SOURCE -D__STDC_CONSTANT_MACROS -D__STDC_FORMAT_MACROS -D__STDC_LIMIT_MACROS -Wall -Wextra -Wpointer-arith -Wnon-virtual-dtor -Wshadow -Wformat -std=c++11 -pthread    -o CMakeFiles/cmTC_072ab.dir/CheckSymbolExists.cxx.o -c /home/cronos/.emacs.d/elpa/rtags-20171027.1028/rtags-2.15/CMakeFiles/CMakeTmp/CheckSymbolExists.cxx
Linking CXX executable cmTC_072ab
/usr/bin/cmake -E cmake_link_script CMakeFiles/cmTC_072ab.dir/link.txt --verbose=1
/usr/bin/c++   -I/usr/include -D_GNU_SOURCE -D__STDC_CONSTANT_MACROS -D__STDC_FORMAT_MACROS -D__STDC_LIMIT_MACROS -Wall -Wextra -Wpointer-arith -Wnon-virtual-dtor -Wshadow -Wformat -std=c++11 -pthread     -rdynamic CMakeFiles/cmTC_072ab.dir/CheckSymbolExists.cxx.o  -o cmTC_072ab 
make[1]: Leaving directory '/home/cronos/.emacs.d/elpa/rtags-20171027.1028/rtags-2.15/CMakeFiles/CMakeTmp'

File /home/cronos/.emacs.d/elpa/rtags-20171027.1028/rtags-2.15/CMakeFiles/CMakeTmp/CheckSymbolExists.cxx:
/* */
#include <sys/types.h>
#include <sys/socket.h>

int main(int argc, char** argv)
{
  (void)argv;
#ifndef MSG_NOSIGNAL
  return ((int*)(&MSG_NOSIGNAL))[argc];
#else
  (void)argc;
  return 0;
#endif
}

Determining if the SCHED_IDLE exist passed with the following output:
Change Dir: /home/cronos/.emacs.d/elpa/rtags-20171027.1028/rtags-2.15/CMakeFiles/CMakeTmp

Run Build Command:"/usr/bin/make" "cmTC_ba915/fast"
/usr/bin/make -f CMakeFiles/cmTC_ba915.dir/build.make CMakeFiles/cmTC_ba915.dir/build
make[1]: Entering directory '/home/cronos/.emacs.d/elpa/rtags-20171027.1028/rtags-2.15/CMakeFiles/CMakeTmp'
Building CXX object CMakeFiles/cmTC_ba915.dir/CheckSymbolExists.cxx.o
/usr/bin/c++    -I/usr/include -D_GNU_SOURCE -D__STDC_CONSTANT_MACROS -D__STDC_FORMAT_MACROS -D__STDC_LIMIT_MACROS -Wall -Wextra -Wpointer-arith -Wnon-virtual-dtor -Wshadow -Wformat -std=c++11 -pthread    -o CMakeFiles/cmTC_ba915.dir/CheckSymbolExists.cxx.o -c /home/cronos/.emacs.d/elpa/rtags-20171027.1028/rtags-2.15/CMakeFiles/CMakeTmp/CheckSymbolExists.cxx
Linking CXX executable cmTC_ba915
/usr/bin/cmake -E cmake_link_script CMakeFiles/cmTC_ba915.dir/link.txt --verbose=1
/usr/bin/c++   -I/usr/include -D_GNU_SOURCE -D__STDC_CONSTANT_MACROS -D__STDC_FORMAT_MACROS -D__STDC_LIMIT_MACROS -Wall -Wextra -Wpointer-arith -Wnon-virtual-dtor -Wshadow -Wformat -std=c++11 -pthread     -rdynamic CMakeFiles/cmTC_ba915.dir/CheckSymbolExists.cxx.o  -o cmTC_ba915 
make[1]: Leaving directory '/home/cronos/.emacs.d/elpa/rtags-20171027.1028/rtags-2.15/CMakeFiles/CMakeTmp'

File /home/cronos/.emacs.d/elpa/rtags-20171027.1028/rtags-2.15/CMakeFiles/CMakeTmp/CheckSymbolExists.cxx:
/* */
#include <pthread.h>

int main(int argc, char** argv)
{
  (void)argv;
#ifndef SCHED_IDLE
  return ((int*)(&SCHED_IDLE))[argc];
#else
  (void)argc;
  return 0;
#endif
}

Determining if the SHM_DEST exist passed with the following output:
Change Dir: /home/cronos/.emacs.d/elpa/rtags-20171027.1028/rtags-2.15/CMakeFiles/CMakeTmp

Run Build Command:"/usr/bin/make" "cmTC_5477c/fast"
/usr/bin/make -f CMakeFiles/cmTC_5477c.dir/build.make CMakeFiles/cmTC_5477c.dir/build
make[1]: Entering directory '/home/cronos/.emacs.d/elpa/rtags-20171027.1028/rtags-2.15/CMakeFiles/CMakeTmp'
Building CXX object CMakeFiles/cmTC_5477c.dir/CheckSymbolExists.cxx.o
/usr/bin/c++    -I/usr/include -D_GNU_SOURCE -D__STDC_CONSTANT_MACROS -D__STDC_FORMAT_MACROS -D__STDC_LIMIT_MACROS -Wall -Wextra -Wpointer-arith -Wnon-virtual-dtor -Wshadow -Wformat -std=c++11 -pthread    -o CMakeFiles/cmTC_5477c.dir/CheckSymbolExists.cxx.o -c /home/cronos/.emacs.d/elpa/rtags-20171027.1028/rtags-2.15/CMakeFiles/CMakeTmp/CheckSymbolExists.cxx
Linking CXX executable cmTC_5477c
/usr/bin/cmake -E cmake_link_script CMakeFiles/cmTC_5477c.dir/link.txt --verbose=1
/usr/bin/c++   -I/usr/include -D_GNU_SOURCE -D__STDC_CONSTANT_MACROS -D__STDC_FORMAT_MACROS -D__STDC_LIMIT_MACROS -Wall -Wextra -Wpointer-arith -Wnon-virtual-dtor -Wshadow -Wformat -std=c++11 -pthread     -rdynamic CMakeFiles/cmTC_5477c.dir/CheckSymbolExists.cxx.o  -o cmTC_5477c 
make[1]: Leaving directory '/home/cronos/.emacs.d/elpa/rtags-20171027.1028/rtags-2.15/CMakeFiles/CMakeTmp'

File /home/cronos/.emacs.d/elpa/rtags-20171027.1028/rtags-2.15/CMakeFiles/CMakeTmp/CheckSymbolExists.cxx:
/* */
#include <sys/types.h>
#include <sys/ipc.h>
#include <sys/shm.h>

int main(int argc, char** argv)
{
  (void)argv;
#ifndef SHM_DEST
  return ((int*)(&SHM_DEST))[argc];
#else
  (void)argc;
  return 0;
#endif
}

Performing C++ SOURCE FILE Test HAVE_STATMTIM succeeded with the following output:
Change Dir: /home/cronos/.emacs.d/elpa/rtags-20171027.1028/rtags-2.15/CMakeFiles/CMakeTmp

Run Build Command:"/usr/bin/make" "cmTC_8570e/fast"
/usr/bin/make -f CMakeFiles/cmTC_8570e.dir/build.make CMakeFiles/cmTC_8570e.dir/build
make[1]: Entering directory '/home/cronos/.emacs.d/elpa/rtags-20171027.1028/rtags-2.15/CMakeFiles/CMakeTmp'
Building CXX object CMakeFiles/cmTC_8570e.dir/src.cxx.o
/usr/bin/c++    -I/usr/include -D_GNU_SOURCE -D__STDC_CONSTANT_MACROS -D__STDC_FORMAT_MACROS -D__STDC_LIMIT_MACROS -Wall -Wextra -Wpointer-arith -Wnon-virtual-dtor -Wshadow -Wformat -std=c++11 -pthread -DHAVE_STATMTIM   -o CMakeFiles/cmTC_8570e.dir/src.cxx.o -c /home/cronos/.emacs.d/elpa/rtags-20171027.1028/rtags-2.15/CMakeFiles/CMakeTmp/src.cxx
/home/cronos/.emacs.d/elpa/rtags-20171027.1028/rtags-2.15/CMakeFiles/CMakeTmp/src.cxx: In function int main(int, char**):
/home/cronos/.emacs.d/elpa/rtags-20171027.1028/rtags-2.15/CMakeFiles/CMakeTmp/src.cxx:6:25: warning: st.stat::st_mtim.timespec::tv_sec is used uninitialized in this function [-Wuninitialized]
       return st.st_mtim.tv_sec;
              ~~~~~~~~~~~^~~~~~
Linking CXX executable cmTC_8570e
/usr/bin/cmake -E cmake_link_script CMakeFiles/cmTC_8570e.dir/link.txt --verbose=1
/usr/bin/c++   -I/usr/include -D_GNU_SOURCE -D__STDC_CONSTANT_MACROS -D__STDC_FORMAT_MACROS -D__STDC_LIMIT_MACROS -Wall -Wextra -Wpointer-arith -Wnon-virtual-dtor -Wshadow -Wformat -std=c++11 -pthread -DHAVE_STATMTIM    -rdynamic CMakeFiles/cmTC_8570e.dir/src.cxx.o  -o cmTC_8570e 
make[1]: Leaving directory '/home/cronos/.emacs.d/elpa/rtags-20171027.1028/rtags-2.15/CMakeFiles/CMakeTmp'

Source file was:

  #include <sys/types.h>
  #include <sys/stat.h>
  int main(int, char**) {
      struct stat st;
      return st.st_mtim.tv_sec;
  }
Performing C++ SOURCE FILE Test HAVE_CXX11 succeeded with the following output:
Change Dir: /home/cronos/.emacs.d/elpa/rtags-20171027.1028/rtags-2.15/CMakeFiles/CMakeTmp

Run Build Command:"/usr/bin/make" "cmTC_b67c0/fast"
/usr/bin/make -f CMakeFiles/cmTC_b67c0.dir/build.make CMakeFiles/cmTC_b67c0.dir/build
make[1]: Entering directory '/home/cronos/.emacs.d/elpa/rtags-20171027.1028/rtags-2.15/CMakeFiles/CMakeTmp'
Building CXX object CMakeFiles/cmTC_b67c0.dir/src.cxx.o
/usr/bin/c++    -I/usr/include -D_GNU_SOURCE -D__STDC_CONSTANT_MACROS -D__STDC_FORMAT_MACROS -D__STDC_LIMIT_MACROS -Wall -Wextra -Wpointer-arith -Wnon-virtual-dtor -Wshadow -Wformat -std=c++11 -pthread -DHAVE_CXX11 -std=c++11   -o CMakeFiles/cmTC_b67c0.dir/src.cxx.o -c /home/cronos/.emacs.d/elpa/rtags-20171027.1028/rtags-2.15/CMakeFiles/CMakeTmp/src.cxx
Linking CXX executable cmTC_b67c0
/usr/bin/cmake -E cmake_link_script CMakeFiles/cmTC_b67c0.dir/link.txt --verbose=1
/usr/bin/c++   -I/usr/include -D_GNU_SOURCE -D__STDC_CONSTANT_MACROS -D__STDC_FORMAT_MACROS -D__STDC_LIMIT_MACROS -Wall -Wextra -Wpointer-arith -Wnon-virtual-dtor -Wshadow -Wformat -std=c++11 -pthread -DHAVE_CXX11 -std=c++11    -rdynamic CMakeFiles/cmTC_b67c0.dir/src.cxx.o  -o cmTC_b67c0 
make[1]: Leaving directory '/home/cronos/.emacs.d/elpa/rtags-20171027.1028/rtags-2.15/CMakeFiles/CMakeTmp'

Source file was:

  #include <functional>
  #include <memory>
  #include <mutex>
  #include <tuple>
  #include <string>
  #include </home/cronos/.emacs.d/elpa/rtags-20171027.1028/rtags-2.15/src/rct/rct/Apply.h>

  void callTest(int, std::string) { }

  int main(int, char**) {
      std::shared_ptr<int> ptr;
      std::mutex mtx;
      std::unique_lock<std::mutex> lock(mtx);
      std::tuple<int, std::string> tpl(5, std::string("foo"));
      applyMove(std::bind(callTest, std::placeholders::_1, std::placeholders::_2), tpl);
      return 0;
  }
Performing C++ SOURCE FILE Test HAVE_UNORDERDED_MAP_WORKING_MOVE_CONSTRUCTOR succeeded with the following output:
Change Dir: /home/cronos/.emacs.d/elpa/rtags-20171027.1028/rtags-2.15/CMakeFiles/CMakeTmp

Run Build Command:"/usr/bin/make" "cmTC_f7bde/fast"
/usr/bin/make -f CMakeFiles/cmTC_f7bde.dir/build.make CMakeFiles/cmTC_f7bde.dir/build
make[1]: Entering directory '/home/cronos/.emacs.d/elpa/rtags-20171027.1028/rtags-2.15/CMakeFiles/CMakeTmp'
Building CXX object CMakeFiles/cmTC_f7bde.dir/src.cxx.o
/usr/bin/c++    -I/usr/include -D_GNU_SOURCE -D__STDC_CONSTANT_MACROS -D__STDC_FORMAT_MACROS -D__STDC_LIMIT_MACROS -Wall -Wextra -Wpointer-arith -Wnon-virtual-dtor -Wshadow -Wformat -std=c++11 -pthread -DHAVE_UNORDERDED_MAP_WORKING_MOVE_CONSTRUCTOR -std=c++11   -o CMakeFiles/cmTC_f7bde.dir/src.cxx.o -c /home/cronos/.emacs.d/elpa/rtags-20171027.1028/rtags-2.15/CMakeFiles/CMakeTmp/src.cxx
Linking CXX executable cmTC_f7bde
/usr/bin/cmake -E cmake_link_script CMakeFiles/cmTC_f7bde.dir/link.txt --verbose=1
/usr/bin/c++   -I/usr/include -D_GNU_SOURCE -D__STDC_CONSTANT_MACROS -D__STDC_FORMAT_MACROS -D__STDC_LIMIT_MACROS -Wall -Wextra -Wpointer-arith -Wnon-virtual-dtor -Wshadow -Wformat -std=c++11 -pthread -DHAVE_UNORDERDED_MAP_WORKING_MOVE_CONSTRUCTOR -std=c++11    -rdynamic CMakeFiles/cmTC_f7bde.dir/src.cxx.o  -o cmTC_f7bde 
make[1]: Leaving directory '/home/cronos/.emacs.d/elpa/rtags-20171027.1028/rtags-2.15/CMakeFiles/CMakeTmp'

Return value: 1
Source file was:

  #include <unordered_map>

  int main(int, char **)
  {
      std::unordered_map<int, int> a;
      a.emplace(1, 1);
      std::unordered_map<int, int> b = std::move(a);
      a.emplace(1, 1);
      return 0;
  }
Performing C++ SOURCE FILE Test HAVE_STRING_ITERATOR_ERASE succeeded with the following output:
Change Dir: /home/cronos/.emacs.d/elpa/rtags-20171027.1028/rtags-2.15/CMakeFiles/CMakeTmp

Run Build Command:"/usr/bin/make" "cmTC_0f5ce/fast"
/usr/bin/make -f CMakeFiles/cmTC_0f5ce.dir/build.make CMakeFiles/cmTC_0f5ce.dir/build
make[1]: Entering directory '/home/cronos/.emacs.d/elpa/rtags-20171027.1028/rtags-2.15/CMakeFiles/CMakeTmp'
Building CXX object CMakeFiles/cmTC_0f5ce.dir/src.cxx.o
/usr/bin/c++    -I/usr/include -D_GNU_SOURCE -D__STDC_CONSTANT_MACROS -D__STDC_FORMAT_MACROS -D__STDC_LIMIT_MACROS -Wall -Wextra -Wpointer-arith -Wnon-virtual-dtor -Wshadow -Wformat -std=c++11 -pthread -DHAVE_STRING_ITERATOR_ERASE -std=c++11   -o CMakeFiles/cmTC_0f5ce.dir/src.cxx.o -c /home/cronos/.emacs.d/elpa/rtags-20171027.1028/rtags-2.15/CMakeFiles/CMakeTmp/src.cxx
/home/cronos/.emacs.d/elpa/rtags-20171027.1028/rtags-2.15/CMakeFiles/CMakeTmp/src.cxx: In function int main(int, char**):
/home/cronos/.emacs.d/elpa/rtags-20171027.1028/rtags-2.15/CMakeFiles/CMakeTmp/src.cxx:7:29: warning: variable it set but not used [-Wunused-but-set-variable]
       std::string::iterator it = str.erase(str.begin(), str.end());
                             ^~
Linking CXX executable cmTC_0f5ce
/usr/bin/cmake -E cmake_link_script CMakeFiles/cmTC_0f5ce.dir/link.txt --verbose=1
/usr/bin/c++   -I/usr/include -D_GNU_SOURCE -D__STDC_CONSTANT_MACROS -D__STDC_FORMAT_MACROS -D__STDC_LIMIT_MACROS -Wall -Wextra -Wpointer-arith -Wnon-virtual-dtor -Wshadow -Wformat -std=c++11 -pthread -DHAVE_STRING_ITERATOR_ERASE -std=c++11    -rdynamic CMakeFiles/cmTC_0f5ce.dir/src.cxx.o  -o cmTC_0f5ce 
make[1]: Leaving directory '/home/cronos/.emacs.d/elpa/rtags-20171027.1028/rtags-2.15/CMakeFiles/CMakeTmp'

Return value: 1
Source file was:

  #include <string>

  int main(int, char **)
  {
      std::string str = "foobar testing";
      std::string::iterator it = str.erase(str.begin(), str.end());
      return 0;
  }
